<?xml version="1.0" encoding="UTF-8"?>
<!-- Generated by org.testng.reporters.JUnitReportReporter -->
<testsuite hostname="DESKTOP-GJ1SM0B" failures="0" tests="1" name="login_page.logggg" time="0.033" errors="0" timestamp="2025-03-19T09:48:08 IST" skipped="0">
  <testcase classname="login_page.logggg" name="Log" time="0.033"/>
</testsuite> <!-- login_page.logggg -->
